<?xml version="1.0" encoding="UTF-8"?>
<!-- Generated by org.testng.reporters.JUnitXMLReporter -->
<testsuite hostname="DESKTOP-PHQB903" ignored="0" name="Test1" tests="4" failures="0" timestamp="2021-10-28T21:04:45 IST" time="72.052" errors="0">
  <testcase name="testcase2" time="12.282" classname="com.mindtree.runner.AtlanticApplication"/>
  <testcase name="testcase2" time="10.735" classname="com.mindtree.runner.AtlanticApplication"/>
  <testcase name="testcase3" time="14.936" classname="com.mindtree.runner.AtlanticApplication"/>
  <testcase name="testcase1" time="30.22" classname="com.mindtree.runner.AtlanticApplication"/>
</testsuite> <!-- Test1 -->
