<?xml version="1.0" encoding="UTF-8"?>
<testng-results skipped="0" failed="0" ignored="0" total="1" passed="1">
  <reporter-output>
  </reporter-output>
  <suite name="Suite" duration-ms="151341" started-at="2021-11-09T08:11:16 IST" finished-at="2021-11-09T08:13:47 IST">
    <groups>
      <group name="cucumber">
        <method signature="AbstractTestNGCucumberTests.feature(cucumber.api.testng.CucumberFeatureWrapper)[pri:0, instance:testrunner.AtlanticApplication@30d1e6]" name="feature" class="cucumber.api.testng.AbstractTestNGCucumberTests"/>
      </group> <!-- cucumber -->
    </groups>
    <test name="Test" duration-ms="151341" started-at="2021-11-09T08:11:16 IST" finished-at="2021-11-09T08:13:47 IST">
      <class name="testrunner.AtlanticApplication">
        <test-method status="PASS" signature="setUpClass()[pri:0, instance:testrunner.AtlanticApplication@30d1e6]" name="setUpClass" is-config="true" duration-ms="446" started-at="2021-11-09T08:11:16 IST" finished-at="2021-11-09T08:11:16 IST">
          <reporter-output>
          </reporter-output>
        </test-method> <!-- setUpClass -->
        <test-method status="PASS" signature="feature(cucumber.api.testng.CucumberFeatureWrapper)[pri:0, instance:testrunner.AtlanticApplication@30d1e6]" name="feature" duration-ms="150619" started-at="2021-11-09T08:11:16 IST" description="Runs Cucumber Feature" data-provider="features" finished-at="2021-11-09T08:13:47 IST">
          <params>
            <param index="0">
              <value>
                <![CDATA[Application Features]]>
              </value>
            </param>
          </params>
          <reporter-output>
          </reporter-output>
        </test-method> <!-- feature -->
        <test-method status="PASS" signature="tearDownClass()[pri:0, instance:testrunner.AtlanticApplication@30d1e6]" name="tearDownClass" is-config="true" duration-ms="37" started-at="2021-11-09T08:13:47 IST" finished-at="2021-11-09T08:13:47 IST">
          <reporter-output>
          </reporter-output>
        </test-method> <!-- tearDownClass -->
      </class> <!-- testrunner.AtlanticApplication -->
    </test> <!-- Test -->
  </suite> <!-- Suite -->
</testng-results>
